CRITICAL - 2025-05-22 14:43:47 --> ErrorException: compact(): Undefined variable $title
[Method: GET, Route: admin/artikel/add]
in APPPATH\Controllers\Artikel.php on line 109.
 1 [internal function]: CodeIgniter\Debug\Exceptions->errorHandler(2, 'compact(): Undefined variable $title', 'C:\\xampp\\htdocs\\lab11_php_ci\\ci4\\app\\Controllers\\Artikel.php', 109)
 2 APPPATH\Controllers\Artikel.php(109): compact('title')
 3 SYSTEMPATH\CodeIgniter.php(933): App\Controllers\Artikel->add()
 4 SYSTEMPATH\CodeIgniter.php(507): CodeIgniter\CodeIgniter->runController(Object(App\Controllers\Artikel))
 5 SYSTEMPATH\CodeIgniter.php(354): CodeIgniter\CodeIgniter->handleRequest(null, Object(Config\Cache), false)
 6 SYSTEMPATH\Boot.php(334): CodeIgniter\CodeIgniter->run()
 7 SYSTEMPATH\Boot.php(67): CodeIgniter\Boot::runCodeIgniter(Object(CodeIgniter\CodeIgniter))
 8 FCPATH\index.php(56): CodeIgniter\Boot::bootWeb(Object(Config\Paths))
 9 SYSTEMPATH\rewrite.php(44): require_once('C:\\xampp\\htdocs\\lab11_php_ci\\ci4\\public\\index.php')
CRITICAL - 2025-05-22 14:43:47 --> ErrorException: compact(): Undefined variable $title
[Method: GET, Route: admin/artikel/add]
in APPPATH\Controllers\Artikel.php on line 109.
 1 [internal function]: CodeIgniter\Debug\Exceptions->errorHandler(2, 'compact(): Undefined variable $title', 'C:\\xampp\\htdocs\\lab11_php_ci\\ci4\\app\\Controllers\\Artikel.php', 109)
 2 APPPATH\Controllers\Artikel.php(109): compact('title')
 3 SYSTEMPATH\CodeIgniter.php(933): App\Controllers\Artikel->add()
 4 SYSTEMPATH\CodeIgniter.php(507): CodeIgniter\CodeIgniter->runController(Object(App\Controllers\Artikel))
 5 SYSTEMPATH\CodeIgniter.php(354): CodeIgniter\CodeIgniter->handleRequest(null, Object(Config\Cache), false)
 6 SYSTEMPATH\Boot.php(334): CodeIgniter\CodeIgniter->run()
 7 SYSTEMPATH\Boot.php(67): CodeIgniter\Boot::runCodeIgniter(Object(CodeIgniter\CodeIgniter))
 8 FCPATH\index.php(56): CodeIgniter\Boot::bootWeb(Object(Config\Paths))
 9 SYSTEMPATH\rewrite.php(44): require_once('C:\\xampp\\htdocs\\lab11_php_ci\\ci4\\public\\index.php')
CRITICAL - 2025-05-22 14:46:18 --> CodeIgniter\HTTP\Exceptions\HTTPException: The original file is not a valid file.
[Method: POST, Route: admin/artikel/add]
in SYSTEMPATH\HTTP\Files\UploadedFile.php on line 142.
 1 SYSTEMPATH\HTTP\Files\UploadedFile.php(142): CodeIgniter\HTTP\Exceptions\HTTPException::forInvalidFile()
 2 APPPATH\Controllers\Artikel.php(89): CodeIgniter\HTTP\Files\UploadedFile->move('C:\\xampp\\htdocs\\lab11_php_ci\\ci4\\public/gambar/')
 3 SYSTEMPATH\CodeIgniter.php(933): App\Controllers\Artikel->add()
 4 SYSTEMPATH\CodeIgniter.php(507): CodeIgniter\CodeIgniter->runController(Object(App\Controllers\Artikel))
 5 SYSTEMPATH\CodeIgniter.php(354): CodeIgniter\CodeIgniter->handleRequest(null, Object(Config\Cache), false)
 6 SYSTEMPATH\Boot.php(334): CodeIgniter\CodeIgniter->run()
 7 SYSTEMPATH\Boot.php(67): CodeIgniter\Boot::runCodeIgniter(Object(CodeIgniter\CodeIgniter))
 8 FCPATH\index.php(56): CodeIgniter\Boot::bootWeb(Object(Config\Paths))
 9 SYSTEMPATH\rewrite.php(44): require_once('C:\\xampp\\htdocs\\lab11_php_ci\\ci4\\public\\index.php')
