CRITICAL - 2025-04-06 11:50:30 --> ErrorException: Undefined variable $tittle
[Method: GET, Route: about]
in APPPATH\Views\templates\header.php on line 6.
 1 APPPATH\Views\templates\header.php(6): CodeIgniter\Debug\Exceptions->errorHandler(2, 'Undefined variable $tittle', 'C:\\xampp\\htdocs\\lab11_php_ci\\ci4\\app\\Views\\templates\\header.php', 6)
 2 APPPATH\Views\about.php(1): include('C:\\xampp\\htdocs\\lab11_php_ci\\ci4\\app\\Views\\templates\\header.php')
 3 SYSTEMPATH\View\View.php(224): include('C:\\xampp\\htdocs\\lab11_php_ci\\ci4\\app\\Views\\about.php')
 4 SYSTEMPATH\View\View.php(227): CodeIgniter\View\View->CodeIgniter\View\{closure}()
 5 SYSTEMPATH\Common.php(1173): CodeIgniter\View\View->render('about', [], true)
 6 APPPATH\Controllers\Page.php(8): view('about', [...])
 7 SYSTEMPATH\CodeIgniter.php(933): App\Controllers\Page->about()
 8 SYSTEMPATH\CodeIgniter.php(507): CodeIgniter\CodeIgniter->runController(Object(App\Controllers\Page))
 9 SYSTEMPATH\CodeIgniter.php(354): CodeIgniter\CodeIgniter->handleRequest(null, Object(Config\Cache), false)
10 SYSTEMPATH\Boot.php(334): CodeIgniter\CodeIgniter->run()
11 SYSTEMPATH\Boot.php(67): CodeIgniter\Boot::runCodeIgniter(Object(CodeIgniter\CodeIgniter))
12 FCPATH\index.php(56): CodeIgniter\Boot::bootWeb(Object(Config\Paths))
13 SYSTEMPATH\rewrite.php(44): require_once('C:\\xampp\\htdocs\\lab11_php_ci\\ci4\\public\\index.php')
CRITICAL - 2025-04-06 11:55:31 --> ErrorException: Undefined variable $tittle
[Method: GET, Route: about]
in APPPATH\Views\templates\header.php on line 6.
 1 APPPATH\Views\templates\header.php(6): CodeIgniter\Debug\Exceptions->errorHandler(2, 'Undefined variable $tittle', 'C:\\xampp\\htdocs\\lab11_php_ci\\ci4\\app\\Views\\templates\\header.php', 6)
 2 APPPATH\Views\about.php(1): include('C:\\xampp\\htdocs\\lab11_php_ci\\ci4\\app\\Views\\templates\\header.php')
 3 SYSTEMPATH\View\View.php(224): include('C:\\xampp\\htdocs\\lab11_php_ci\\ci4\\app\\Views\\about.php')
 4 SYSTEMPATH\View\View.php(227): CodeIgniter\View\View->CodeIgniter\View\{closure}()
 5 SYSTEMPATH\Common.php(1173): CodeIgniter\View\View->render('about', [], true)
 6 APPPATH\Controllers\Page.php(8): view('about', [...])
 7 SYSTEMPATH\CodeIgniter.php(933): App\Controllers\Page->about()
 8 SYSTEMPATH\CodeIgniter.php(507): CodeIgniter\CodeIgniter->runController(Object(App\Controllers\Page))
 9 SYSTEMPATH\CodeIgniter.php(354): CodeIgniter\CodeIgniter->handleRequest(null, Object(Config\Cache), false)
10 SYSTEMPATH\Boot.php(334): CodeIgniter\CodeIgniter->run()
11 SYSTEMPATH\Boot.php(67): CodeIgniter\Boot::runCodeIgniter(Object(CodeIgniter\CodeIgniter))
12 FCPATH\index.php(56): CodeIgniter\Boot::bootWeb(Object(Config\Paths))
13 SYSTEMPATH\rewrite.php(44): require_once('C:\\xampp\\htdocs\\lab11_php_ci\\ci4\\public\\index.php')
CRITICAL - 2025-04-06 11:56:31 --> ErrorException: Object of class CodeIgniter\View\View could not be converted to int
[Method: GET, Route: about]
in APPPATH\Views\about.php on line 1.
 1 APPPATH\Views\about.php(1): CodeIgniter\Debug\Exceptions->errorHandler(8, 'Object of class CodeIgniter\\View\\View could not be converted to int', 'C:\\xampp\\htdocs\\lab11_php_ci\\ci4\\app\\Views\\about.php', 1)
 2 SYSTEMPATH\View\View.php(224): include('C:\\xampp\\htdocs\\lab11_php_ci\\ci4\\app\\Views\\about.php')
 3 SYSTEMPATH\View\View.php(227): CodeIgniter\View\View->CodeIgniter\View\{closure}()
 4 SYSTEMPATH\Common.php(1173): CodeIgniter\View\View->render('about', [], true)
 5 APPPATH\Controllers\Page.php(8): view('about', [...])
 6 SYSTEMPATH\CodeIgniter.php(933): App\Controllers\Page->about()
 7 SYSTEMPATH\CodeIgniter.php(507): CodeIgniter\CodeIgniter->runController(Object(App\Controllers\Page))
 8 SYSTEMPATH\CodeIgniter.php(354): CodeIgniter\CodeIgniter->handleRequest(null, Object(Config\Cache), false)
 9 SYSTEMPATH\Boot.php(334): CodeIgniter\CodeIgniter->run()
10 SYSTEMPATH\Boot.php(67): CodeIgniter\Boot::runCodeIgniter(Object(CodeIgniter\CodeIgniter))
11 FCPATH\index.php(56): CodeIgniter\Boot::bootWeb(Object(Config\Paths))
12 SYSTEMPATH\rewrite.php(44): require_once('C:\\xampp\\htdocs\\lab11_php_ci\\ci4\\public\\index.php')
CRITICAL - 2025-04-06 11:57:15 --> ErrorException: include(templates/header): Failed to open stream: No such file or directory
[Method: GET, Route: about]
in APPPATH\Views\about.php on line 1.
 1 APPPATH\Views\about.php(1): CodeIgniter\Debug\Exceptions->errorHandler(2, 'include(templates/header): Failed to open stream: No such file or directory', 'C:\\xampp\\htdocs\\lab11_php_ci\\ci4\\app\\Views\\about.php', 1)
 2 APPPATH\Views\about.php(1): include()
 3 SYSTEMPATH\View\View.php(224): include('C:\\xampp\\htdocs\\lab11_php_ci\\ci4\\app\\Views\\about.php')
 4 SYSTEMPATH\View\View.php(227): CodeIgniter\View\View->CodeIgniter\View\{closure}()
 5 SYSTEMPATH\Common.php(1173): CodeIgniter\View\View->render('about', [], true)
 6 APPPATH\Controllers\Page.php(8): view('about', [...])
 7 SYSTEMPATH\CodeIgniter.php(933): App\Controllers\Page->about()
 8 SYSTEMPATH\CodeIgniter.php(507): CodeIgniter\CodeIgniter->runController(Object(App\Controllers\Page))
 9 SYSTEMPATH\CodeIgniter.php(354): CodeIgniter\CodeIgniter->handleRequest(null, Object(Config\Cache), false)
10 SYSTEMPATH\Boot.php(334): CodeIgniter\CodeIgniter->run()
11 SYSTEMPATH\Boot.php(67): CodeIgniter\Boot::runCodeIgniter(Object(CodeIgniter\CodeIgniter))
12 FCPATH\index.php(56): CodeIgniter\Boot::bootWeb(Object(Config\Paths))
13 SYSTEMPATH\rewrite.php(44): require_once('C:\\xampp\\htdocs\\lab11_php_ci\\ci4\\public\\index.php')
